# JRE version: Java(TM) SE Runtime Environment 18.9 (11.0.12+8) (build 11.0.12+8-LTS-237)
# Java VM: Java HotSpot(TM) 64-Bit Server VM 18.9 (11.0.12+8-LTS-237, mixed mode, tiered, compressed oops, g1 gc, windows-amd64)
Heap:
 garbage-first heap   total 96256K, used 61439K [0x0000000702600000, 0x0000000800000000)
  region size 1024K, 22 young (22528K), 1 survivors (1024K)
 Metaspace       used 81482K, capacity 85411K, committed 85636K, reserved 1124352K
  class space    used 10235K, capacity 11750K, committed 11828K, reserved 1048576K
GC Heap History (10 events):
Event: 2501.811 GC heap after
{Heap after GC invocations=207 (full 15):
 garbage-first heap   total 96256K, used 52934K [0x0000000702600000, 0x0000000800000000)
  region size 1024K, 1 young (1024K), 1 survivors (1024K)
 Metaspace       used 81468K, capacity 85390K, committed 85636K, reserved 1124352K
  class space    used 10233K, capacity 11746K, committed 11828K, reserved 1048576K
}
Event: 2723.217 GC heap before
{Heap before GC invocations=207 (full 15):
 garbage-first heap   total 96256K, used 70342K [0x0000000702600000, 0x0000000800000000)
  region size 1024K, 18 young (18432K), 1 survivors (1024K)
 Metaspace       used 81468K, capacity 85390K, committed 85636K, reserved 1124352K
  class space    used 10233K, capacity 11746K, committed 11828K, reserved 1048576K
}
Event: 2723.227 GC heap after
{Heap after GC invocations=208 (full 15):
 garbage-first heap   total 96256K, used 53113K [0x0000000702600000, 0x0000000800000000)
  region size 1024K, 1 young (1024K), 1 survivors (1024K)
 Metaspace       used 81468K, capacity 85390K, committed 85636K, reserved 1124352K
  class space    used 10233K, capacity 11746K, committed 11828K, reserved 1048576K
}
Event: 3023.303 GC heap before
{Heap before GC invocations=209 (full 15):
 garbage-first heap   total 96256K, used 69497K [0x0000000702600000, 0x0000000800000000)
  region size 1024K, 19 young (19456K), 1 survivors (1024K)
 Metaspace       used 81465K, capacity 85384K, committed 85636K, reserved 1124352K
  class space    used 10232K, capacity 11744K, committed 11828K, reserved 1048576K
}
Event: 3023.307 GC heap after
{Heap after GC invocations=210 (full 15):
 garbage-first heap   total 96256K, used 51032K [0x0000000702600000, 0x0000000800000000)
  region size 1024K, 1 young (1024K), 1 survivors (1024K)
 Metaspace       used 81465K, capacity 85384K, committed 85636K, reserved 1124352K
  class space    used 10232K, capacity 11744K, committed 11828K, reserved 1048576K
}
Event: 3073.038 GC heap before
{Heap before GC invocations=210 (full 15):
 garbage-first heap   total 96256K, used 54104K [0x0000000702600000, 0x0000000800000000)
  region size 1024K, 4 young (4096K), 1 survivors (1024K)
 Metaspace       used 81465K, capacity 85384K, committed 85636K, reserved 1124352K
  class space    used 10232K, capacity 11744K, committed 11828K, reserved 1048576K
}
Event: 3073.043 GC heap after
{Heap after GC invocations=211 (full 15):
 garbage-first heap   total 96256K, used 42849K [0x0000000702600000, 0x0000000800000000)
  region size 1024K, 1 young (1024K), 1 survivors (1024K)
 Metaspace       used 81465K, capacity 85384K, committed 85636K, reserved 1124352K
  class space    used 10232K, capacity 11744K, committed 11828K, reserved 1048576K
}
Event: 3122.658 GC heap before
{Heap before GC invocations=211 (full 15):
 garbage-first heap   total 96256K, used 45921K [0x0000000702600000, 0x0000000800000000)
  region size 1024K, 4 young (4096K), 1 survivors (1024K)
 Metaspace       used 81465K, capacity 85384K, committed 85636K, reserved 1124352K
  class space    used 10232K, capacity 11744K, committed 11828K, reserved 1048576K
}
Event: 3122.667 GC heap after
{Heap after GC invocations=212 (full 15):
 garbage-first heap   total 96256K, used 40701K [0x0000000702600000, 0x0000000800000000)
  region size 1024K, 1 young (1024K), 1 survivors (1024K)
 Metaspace       used 81465K, capacity 85384K, committed 85636K, reserved 1124352K
  class space    used 10232K, capacity 11744K, committed 11828K, reserved 1048576K
}
Event: 3449.256 GC heap before
{Heap before GC invocations=212 (full 15):
 garbage-first heap   total 96256K, used 61181K [0x0000000702600000, 0x0000000800000000)
  region size 1024K, 22 young (22528K), 1 survivors (1024K)
 Metaspace       used 81482K, capacity 85411K, committed 85636K, reserved 1124352K
  class space    used 10235K, capacity 11750K, committed 11828K, reserved 1048576K
}

